;Generate by CrabScript v3.0
{$Float = (8, 3)}
{$MSec = 2}
{$Hex = 1}
{$Extern = 69}
{$Event = 1}
::@CRABSCRIPT::
{$N '@CRABSCRIPT', 'G', 1}
{$V 'Error', $000000, 'E', 4, 0}
  CRAB
  VAR  #G, 0
  MOV  #T, #G
{$A True}
  JMP  <main>
;Q:\WiseArm\CrabScript-업쫜향휳勞CrabDesign-v2.0\Release\Imports\System.crab;Generate by CrabScript v3.0
;Compile Mode: 3
;Q:\WiseLeg\MiCO\v3.2.3\CrabVMS_v2.0\Demo\EMW3166.crab;Generate by CrabScript v3.0
;Compile Mode: 3
;Q:\WiseLeg\MiCO\v3.2.3\CrabVMS_v2.0\Demo\EX04_KeyEvent.crab;Generate by CrabScript v3.0
;Compile Mode: 3
;OnKey1 :
{$D 332, 340}
{$E $01000021}
::OnKey1::
{$N 'OnKey1', 'L', 0}
  FUNC <OnKey1>
  PUSH #L, #F, #Q, #V, #M
  VAR  #L, 0
{$A True}
;board.LED2 = LED_RED;
{$D 360, 381}
  GET  #Q, 2 ;LED_RED
  TYPE #W, (U:01)
  PORT #D, $0002 ;Board.LED2
  EXTN #D, $0029 ;setLED
  WPOR #D, #W, #Q
;Delay(500)
{$D 385, 395}
  VAR  #F, 5
  GET  #V, 500
  BASE #M, #F
  SEEK #M, $0001 ;MSec
  TYPE #W, (U:04)
  SAVE #M, #W, #V ;Delay[1]:MSec
  TYPE #W, (V:01)
  CAPI [&000004] ;Delay
  FREE #F
;board.LED2 = LED_OFF;
{$D 462, 483}
  GET  #Q, 0 ;LED_OFF
  TYPE #W, (U:01)
  PORT #D, $0002 ;Board.LED2
  EXTN #D, $0029 ;setLED
  WPOR #D, #W, #Q
{$D 485, 486}
::OnKey1.@::
{$A False}
  FREE #L
  POP  #L, #F, #Q, #V, #M
  IRET
;main
{$D 490, 494}
::main::
{$N 'main', 'P', 0}
{$N 'main', 'L', 0}
  FUNC <main>
  VAR  #P, 0
  VAR  #L, 0
{$A True}
;PrintLn('=== Key Event Demo ===')
{$D 517, 550}
  VAR  #F, 5
  TYPE #W, (S:01)
  ADDR #D, <@DATA.1> ;'=== Key Event Demo ==='
  READ #V, #W, #D
  BASE #M, #F
  SEEK #M, $0001 ;Text
  TYPE #W, (S:04)
  SAVE #M, #W, #V ;PrintLn[1]:Text
  TYPE #W, (V:01)
  CAPI [&000006] ;PrintLn
::main.1.Text::
  BASE #M, #F
  SEEK #M, $0001 ;Text
  TYPE #W, (S:04)
  DEL  #M, #W
  FREE #F
;OpenEvent()
{$D 579, 590}
  INTR $8000
  FREE #F
;repeat
{$D 601, 607}
::main.4L::
;until error;
{$D 621, 633}
::main.4C::
  MOV  #Q, #E ;Global.Error
  TST  #Q
  JOF  <main.4L>
::main.4X::
;CloseEvent()
{$D 663, 675}
  INTR $0000
  FREE #F
{$D 680, 681}
::main.@::
{$A False}
  INTR $0000
  FREE #L
  FREE #P
  JMP  <@CRABSCRIPT.@>
::@CRABSCRIPT.@::
  FREE #G
  QUIT
;Q:\WiseArm\CrabScript-업쫜향휳勞CrabDesign-v2.0\Release\Imports\System.crab::@APILIST.1::
  API [&000001], 'Infomation'
  API [&000002], 'Input'
  API [&000003], 'Print'
  API [&000004], 'Delay'
  API [&000005], 'Format'
  API [&000006], 'PrintLn'
  API [&000010], 'getIntAbs'
  API [&000011], 'IntToString'
  API [&000012], 'getDatetimeYear'
  API [&000013], 'setDatetimeYear'
  API [&000014], 'getDatetimeMonth'
  API [&000015], 'setDatetimeMonth'
  API [&000016], 'getDatetimeDay'
  API [&000017], 'setDatetimeDay'
  API [&000018], 'getDatetimeWeek'
  API [&000019], 'setDatetimeWeek'
  API [&00001A], 'getDatetimeHour'
  API [&00001B], 'setDatetimeHour'
  API [&00001C], 'getDatetimeMin'
  API [&00001D], 'setDatetimeMin'
  API [&00001E], 'getDatetimeSec'
  API [&00001F], 'setDatetimeSec'
  API [&000020], 'getDatetimeMSec'
  API [&000021], 'setDatetimeMSec'
  API [&000022], 'getDatetimeDate'
  API [&000023], 'setDatetimeDate'
  API [&000024], 'getDatetimeTime'
  API [&000025], 'setDatetimeTime'
;Q:\WiseLeg\MiCO\v3.2.3\CrabVMS_v2.0\Demo\EMW3166.crab::@APILIST.2::
  API [&000026], 'Help'
  API [&000027], 'getKey'
  API [&000028], 'getInput'
  API [&000029], 'setLED'
  API [&00002A], 'getSensor'
  API [&00002B], 'setGPIO'
  API [&00002C], 'Beep'
  API [&00002D], 'getADC'
  API [&00002E], 'getGPIO'
  API [&00002F], 'getMotorActive'
  API [&000030], 'setMotorActive'
  API [&000031], 'getMotorSpeed'
  API [&000032], 'setMotorSpeed'
  API [&000033], 'getMotorFrequ'
  API [&000034], 'setMotorFrequ'
  API [&000035], 'getMotorPolar'
  API [&000036], 'setMotorPolar'
  API [&000037], 'NetScan'
  API [&000038], 'NetConnect'
  API [&000039], 'NetSoftAP'
  API [&00003A], 'NetInfo'
  API [&00003B], 'NetLinkStatus'
  API [&00003C], 'NetGetDns'
  API [&00003D], 'NetLocalIP'
  API [&00003E], 'NetServerDatetime'
  API [&00003F], 'NetUdpOpen'
  API [&000040], 'NetUdpClose'
  API [&000041], 'NetUdpStatus'
  API [&000042], 'NetUdpReceive'
  API [&000043], 'NetUdpSend'
  API [&000044], 'NetUdpRemoteIP'
  API [&000045], 'NetUdpRemotePort'
;Q:\WiseLeg\MiCO\v3.2.3\CrabVMS_v2.0\Demo\EX04_KeyEvent.crab::@EVENTLIST.1::
  EVEN $01000021, <OnKey1>
::@DATA.1::
  DATA '=== Key Event Demo ==='
::@CRABSCRIPT@::
  END
